<?xml version="1.0" encoding="UTF-8"?>
<!-- Generated by org.testng.reporters.JUnitReportReporter -->
<testsuite skipped="0" hostname="DESKTOP-6182U08" name="Package2.SubmitReviewTest" tests="1" failures="0" timestamp="20 Jan 2020 14:56:47 GMT" time="57.651" errors="0">
  <testcase name="submitReview" time="57.651" classname="Package2.SubmitReviewTest"/>
</testsuite> <!-- Package2.SubmitReviewTest -->
