<?xml version="1.0" encoding="UTF-8"?>
<!-- Generated by org.testng.reporters.JUnitReportReporter -->
<testsuite skipped="0" hostname="DESKTOP-6182U08" name="Package2.SubmitReviewTest" tests="1" failures="0" timestamp="18 Jan 2020 12:31:12 GMT" time="28.786" errors="0">
  <testcase name="submitReview" time="28.786" classname="Package2.SubmitReviewTest"/>
</testsuite> <!-- Package2.SubmitReviewTest -->
