<?xml version="1.0" encoding="UTF-8"?>
<!-- Generated by org.testng.reporters.JUnitReportReporter -->
<testsuite skipped="0" hostname="DESKTOP-6182U08" name="Package2.PriceCompareTest" tests="1" failures="0" timestamp="18 Jan 2020 10:39:30 GMT" time="42.704" errors="0">
  <testcase name="priceComparisionOfIphone" time="42.704" classname="Package2.PriceCompareTest"/>
</testsuite> <!-- Package2.PriceCompareTest -->
