<?xml version="1.0" encoding="UTF-8"?>
<!-- Generated by org.testng.reporters.JUnitReportReporter -->
<testsuite skipped="0" hostname="DESKTOP-6182U08" name="Package2.PriceCompareTest" tests="1" failures="0" timestamp="18 Jan 2020 11:34:00 GMT" time="38.916" errors="0">
  <testcase name="priceComparisionOfIphone" time="38.916" classname="Package2.PriceCompareTest"/>
</testsuite> <!-- Package2.PriceCompareTest -->
