<?xml version="1.0" encoding="UTF-8"?>
<!-- Generated by org.testng.reporters.JUnitReportReporter -->
<testsuite skipped="0" hostname="DESKTOP-6182U08" name="Package2.PriceCompareTest" tests="1" failures="0" timestamp="20 Jan 2020 11:35:41 GMT" time="40.318" errors="0">
  <testcase name="priceComparisionOfIphone" time="40.318" classname="Package2.PriceCompareTest"/>
</testsuite> <!-- Package2.PriceCompareTest -->
